2023-11-20 11:39:21.685 [info] Getting Manifest... dsznajder.es7-react-js-snippets
2023-11-20 11:39:21.689 [info] Installing extension: dsznajder.es7-react-js-snippets
2023-11-20 11:39:30.277 [info] Extension signature is verified: dsznajder.es7-react-js-snippets
2023-11-20 11:39:30.398 [info] Extracted extension to file:///root/.vscode/extensions/dsznajder.es7-react-js-snippets-4.4.3: dsznajder.es7-react-js-snippets
2023-11-20 11:39:30.404 [info] Renamed to /root/.vscode/extensions/dsznajder.es7-react-js-snippets-4.4.3
2023-11-20 11:39:30.404 [info] Extracting extension completed. dsznajder.es7-react-js-snippets
2023-11-20 11:39:30.410 [info] Extension installed successfully: dsznajder.es7-react-js-snippets
2023-11-20 11:39:30.465 [error] [uncaught exception in sharedProcess]: Error: ENOENT: no such file or directory, stat '/root/.vscode/extensions/extensions.json.vsctmp': EntryNotFound (FileSystemError): Error: ENOENT: no such file or directory, stat '/root/.vscode/extensions/extensions.json.vsctmp'
    at r.create (/usr/share/code/resources/app/out/vs/code/node/sharedProcess/sharedProcessMain.js:51:30053)
    at a (/usr/share/code/resources/app/out/vs/code/node/sharedProcess/sharedProcessMain.js:51:30167)
    at s.fb (/usr/share/code/resources/app/out/vs/code/node/sharedProcess/sharedProcessMain.js:56:36175)
    at s.stat (/usr/share/code/resources/app/out/vs/code/node/sharedProcess/sharedProcessMain.js:56:28621)
    at async E.stat (/usr/share/code/resources/app/out/vs/code/node/sharedProcess/sharedProcessMain.js:56:15732)
    at async K.tb (/usr/share/code/resources/app/out/vs/code/node/sharedProcess/sharedProcessMain.js:109:9535)
2023-11-20 11:39:59.578 [info] Getting Manifest... esbenp.prettier-vscode
2023-11-20 11:39:59.588 [info] Installing extension: esbenp.prettier-vscode
2023-11-20 11:40:10.252 [info] Extension signature is verified: esbenp.prettier-vscode
2023-11-20 11:40:10.297 [info] Extracted extension to file:///root/.vscode/extensions/esbenp.prettier-vscode-10.1.0: esbenp.prettier-vscode
2023-11-20 11:40:10.300 [info] Renamed to /root/.vscode/extensions/esbenp.prettier-vscode-10.1.0
2023-11-20 11:40:10.307 [info] Extracting extension completed. esbenp.prettier-vscode
2023-11-20 11:40:10.315 [info] Extension installed successfully: esbenp.prettier-vscode
2023-11-20 11:40:10.389 [error] [uncaught exception in sharedProcess]: Error: ENOENT: no such file or directory, stat '/root/.vscode/extensions/extensions.json.vsctmp': EntryNotFound (FileSystemError): Error: ENOENT: no such file or directory, stat '/root/.vscode/extensions/extensions.json.vsctmp'
    at r.create (/usr/share/code/resources/app/out/vs/code/node/sharedProcess/sharedProcessMain.js:51:30053)
    at a (/usr/share/code/resources/app/out/vs/code/node/sharedProcess/sharedProcessMain.js:51:30167)
    at s.fb (/usr/share/code/resources/app/out/vs/code/node/sharedProcess/sharedProcessMain.js:56:36175)
    at s.stat (/usr/share/code/resources/app/out/vs/code/node/sharedProcess/sharedProcessMain.js:56:28621)
    at async E.stat (/usr/share/code/resources/app/out/vs/code/node/sharedProcess/sharedProcessMain.js:56:15732)
    at async K.tb (/usr/share/code/resources/app/out/vs/code/node/sharedProcess/sharedProcessMain.js:109:9535)
2023-11-20 11:40:19.371 [info] Getting Manifest... dbaeumer.vscode-eslint
2023-11-20 11:40:19.379 [info] Installing extension: dbaeumer.vscode-eslint
2023-11-20 11:40:25.432 [info] Extension signature is verified: dbaeumer.vscode-eslint
2023-11-20 11:40:25.442 [info] Extracted extension to file:///root/.vscode/extensions/dbaeumer.vscode-eslint-2.4.2: dbaeumer.vscode-eslint
2023-11-20 11:40:25.445 [info] Renamed to /root/.vscode/extensions/dbaeumer.vscode-eslint-2.4.2
2023-11-20 11:40:25.446 [info] Extracting extension completed. dbaeumer.vscode-eslint
2023-11-20 11:40:25.450 [info] Extension installed successfully: dbaeumer.vscode-eslint
2023-11-20 11:40:25.525 [error] [uncaught exception in sharedProcess]: Error: ENOENT: no such file or directory, stat '/root/.vscode/extensions/extensions.json.vsctmp': EntryNotFound (FileSystemError): Error: ENOENT: no such file or directory, stat '/root/.vscode/extensions/extensions.json.vsctmp'
    at r.create (/usr/share/code/resources/app/out/vs/code/node/sharedProcess/sharedProcessMain.js:51:30053)
    at a (/usr/share/code/resources/app/out/vs/code/node/sharedProcess/sharedProcessMain.js:51:30167)
    at s.fb (/usr/share/code/resources/app/out/vs/code/node/sharedProcess/sharedProcessMain.js:56:36175)
    at s.stat (/usr/share/code/resources/app/out/vs/code/node/sharedProcess/sharedProcessMain.js:56:28621)
    at async E.stat (/usr/share/code/resources/app/out/vs/code/node/sharedProcess/sharedProcessMain.js:56:15732)
    at async K.tb (/usr/share/code/resources/app/out/vs/code/node/sharedProcess/sharedProcessMain.js:109:9535)
2023-11-20 11:40:33.696 [info] Getting Manifest... ms-azuretools.vscode-docker
2023-11-20 11:40:33.711 [info] Installing extension: ms-azuretools.vscode-docker
2023-11-20 11:40:52.819 [info] Extension signature is verified: ms-azuretools.vscode-docker
2023-11-20 11:40:52.858 [info] Extracted extension to file:///root/.vscode/extensions/ms-azuretools.vscode-docker-1.28.0: ms-azuretools.vscode-docker
2023-11-20 11:40:52.861 [info] Renamed to /root/.vscode/extensions/ms-azuretools.vscode-docker-1.28.0
2023-11-20 11:40:52.864 [info] Extracting extension completed. ms-azuretools.vscode-docker
2023-11-20 11:40:52.868 [info] Extension installed successfully: ms-azuretools.vscode-docker
2023-11-20 11:40:52.942 [error] [uncaught exception in sharedProcess]: Error: ENOENT: no such file or directory, stat '/root/.vscode/extensions/extensions.json.vsctmp': EntryNotFound (FileSystemError): Error: ENOENT: no such file or directory, stat '/root/.vscode/extensions/extensions.json.vsctmp'
    at r.create (/usr/share/code/resources/app/out/vs/code/node/sharedProcess/sharedProcessMain.js:51:30053)
    at a (/usr/share/code/resources/app/out/vs/code/node/sharedProcess/sharedProcessMain.js:51:30167)
    at s.fb (/usr/share/code/resources/app/out/vs/code/node/sharedProcess/sharedProcessMain.js:56:36175)
    at s.stat (/usr/share/code/resources/app/out/vs/code/node/sharedProcess/sharedProcessMain.js:56:28621)
    at async E.stat (/usr/share/code/resources/app/out/vs/code/node/sharedProcess/sharedProcessMain.js:56:15732)
    at async K.tb (/usr/share/code/resources/app/out/vs/code/node/sharedProcess/sharedProcessMain.js:109:9535)
2023-11-20 11:41:29.404 [info] Getting Manifest... xabikos.javascriptsnippets
2023-11-20 11:41:29.409 [info] Installing extension: xabikos.javascriptsnippets
2023-11-20 11:41:30.689 [info] Extension signature is verified: xabikos.javascriptsnippets
2023-11-20 11:41:30.693 [info] Extracted extension to file:///root/.vscode/extensions/xabikos.javascriptsnippets-1.8.0: xabikos.javascriptsnippets
2023-11-20 11:41:30.696 [info] Renamed to /root/.vscode/extensions/xabikos.javascriptsnippets-1.8.0
2023-11-20 11:41:30.697 [info] Extracting extension completed. xabikos.javascriptsnippets
2023-11-20 11:41:30.701 [info] Extension installed successfully: xabikos.javascriptsnippets
2023-11-20 11:41:30.775 [error] [uncaught exception in sharedProcess]: Error: ENOENT: no such file or directory, stat '/root/.vscode/extensions/extensions.json.vsctmp': EntryNotFound (FileSystemError): Error: ENOENT: no such file or directory, stat '/root/.vscode/extensions/extensions.json.vsctmp'
    at r.create (/usr/share/code/resources/app/out/vs/code/node/sharedProcess/sharedProcessMain.js:51:30053)
    at a (/usr/share/code/resources/app/out/vs/code/node/sharedProcess/sharedProcessMain.js:51:30167)
    at s.fb (/usr/share/code/resources/app/out/vs/code/node/sharedProcess/sharedProcessMain.js:56:36175)
    at s.stat (/usr/share/code/resources/app/out/vs/code/node/sharedProcess/sharedProcessMain.js:56:28621)
    at async E.stat (/usr/share/code/resources/app/out/vs/code/node/sharedProcess/sharedProcessMain.js:56:15732)
    at async K.tb (/usr/share/code/resources/app/out/vs/code/node/sharedProcess/sharedProcessMain.js:109:9535)
2023-11-20 11:41:51.009 [info] Getting Manifest... vscode-icons-team.vscode-icons
2023-11-20 11:41:51.021 [info] Installing extension: vscode-icons-team.vscode-icons
2023-11-20 11:41:55.049 [info] Extension signature is verified: vscode-icons-team.vscode-icons
2023-11-20 11:41:55.335 [info] Extracted extension to file:///root/.vscode/extensions/vscode-icons-team.vscode-icons-12.6.0: vscode-icons-team.vscode-icons
2023-11-20 11:41:55.342 [info] Renamed to /root/.vscode/extensions/vscode-icons-team.vscode-icons-12.6.0
2023-11-20 11:41:55.343 [info] Extracting extension completed. vscode-icons-team.vscode-icons
2023-11-20 11:41:55.355 [info] Extension installed successfully: vscode-icons-team.vscode-icons
2023-11-20 11:41:55.428 [error] [uncaught exception in sharedProcess]: Error: ENOENT: no such file or directory, stat '/root/.vscode/extensions/extensions.json.vsctmp': EntryNotFound (FileSystemError): Error: ENOENT: no such file or directory, stat '/root/.vscode/extensions/extensions.json.vsctmp'
    at r.create (/usr/share/code/resources/app/out/vs/code/node/sharedProcess/sharedProcessMain.js:51:30053)
    at a (/usr/share/code/resources/app/out/vs/code/node/sharedProcess/sharedProcessMain.js:51:30167)
    at s.fb (/usr/share/code/resources/app/out/vs/code/node/sharedProcess/sharedProcessMain.js:56:36175)
    at s.stat (/usr/share/code/resources/app/out/vs/code/node/sharedProcess/sharedProcessMain.js:56:28621)
    at async E.stat (/usr/share/code/resources/app/out/vs/code/node/sharedProcess/sharedProcessMain.js:56:15732)
    at async K.tb (/usr/share/code/resources/app/out/vs/code/node/sharedProcess/sharedProcessMain.js:109:9535)
