2023-11-20 11:38:07.703 [info] Added views:workbench.panel.markers.view in workbench.panel.markers
2023-11-20 11:38:07.703 [info] Added views:workbench.panel.output in workbench.panel.output
2023-11-20 11:38:07.703 [info] Added views:terminal in terminal
2023-11-20 11:38:07.703 [info] Added views:outline in workbench.view.explorer
2023-11-20 11:38:07.703 [info] Added views:workbench.scm in workbench.view.scm
2023-11-20 11:38:07.704 [info] Added views:workbench.view.search in workbench.view.search
2023-11-20 11:38:07.704 [info] Added views:timeline in workbench.view.explorer
2023-11-20 11:38:07.704 [info] Added views:workbench.explorer.fileView in workbench.view.explorer
2023-11-20 11:38:08.041 [info] Added views:workbench.debug.welcome in workbench.view.debug
2023-11-20 11:38:08.067 [info] Added views:workbench.panel.repl.view in workbench.panel.repl
2023-11-20 11:38:08.229 [info] Added views:~remote.forwardedPorts in ~remote.forwardedPortsContainer
2023-11-20 11:38:13.702 [info] Added views:workbench.views.extensions.installed,workbench.views.extensions.popular,extensions.recommendedList in workbench.view.extensions
2023-11-20 11:38:13.702 [info] Removed views:workbench.views.extensions.popular from workbench.view.extensions
2023-11-20 11:38:13.844 [info] Added views:workbench.views.extensions.popular in workbench.view.extensions
2023-11-20 11:39:16.980 [info] Removed views:extensions.recommendedList,workbench.views.extensions.popular,workbench.views.extensions.installed from workbench.view.extensions
2023-11-20 11:39:16.987 [info] Added views:workbench.views.extensions.marketplace in workbench.view.extensions
2023-11-20 11:39:54.713 [info] Removed views:workbench.views.extensions.marketplace from workbench.view.extensions
2023-11-20 11:39:54.720 [info] Added views:workbench.views.extensions.installed,workbench.views.extensions.popular,extensions.recommendedList in workbench.view.extensions
2023-11-20 11:39:56.975 [info] Removed views:extensions.recommendedList,workbench.views.extensions.popular,workbench.views.extensions.installed from workbench.view.extensions
2023-11-20 11:39:56.983 [info] Added views:workbench.views.extensions.marketplace in workbench.view.extensions
2023-11-20 11:40:52.935 [info] Added views:dockerContainers,dockerImages,dockerRegistries,dockerNetworks,dockerVolumes,vscode-docker.views.dockerContexts,vscode-docker.views.help in workbench.view.extension.dockerView
2023-11-20 11:41:42.598 [info] Removed views:workbench.views.extensions.marketplace from workbench.view.extensions
2023-11-20 11:41:42.611 [info] Added views:workbench.views.extensions.installed,workbench.views.extensions.popular,extensions.recommendedList in workbench.view.extensions
2023-11-20 11:41:47.942 [info] Removed views:extensions.recommendedList,workbench.views.extensions.popular,workbench.views.extensions.installed from workbench.view.extensions
2023-11-20 11:41:47.947 [info] Added views:workbench.views.extensions.marketplace in workbench.view.extensions
