2023-11-20 11:37:24.776 [info] Log level: Info
2023-11-20 11:37:24.776 [info] Validating found git in: "git"
2023-11-20 11:37:24.776 [info] Using git "2.34.1" from "git"
2023-11-20 11:37:24.776 [info] > git rev-parse --show-toplevel [6ms]
2023-11-20 11:37:24.776 [info] fatal: not a git repository (or any of the parent directories): .git
2023-11-20 11:37:24.776 [info] > git rev-parse --show-toplevel [10ms]
2023-11-20 11:37:24.776 [info] fatal: not a git repository (or any of the parent directories): .git
2023-11-20 11:37:24.777 [info] > git rev-parse --show-toplevel [1ms]
2023-11-20 11:37:24.777 [info] fatal: not a git repository (or any of the parent directories): .git
2023-11-20 11:37:24.783 [info] > git rev-parse --show-toplevel [3ms]
2023-11-20 11:37:24.783 [info] fatal: not a git repository (or any of the parent directories): .git
2023-11-20 11:37:24.786 [info] > git rev-parse --show-toplevel [1ms]
2023-11-20 11:37:24.786 [info] fatal: not a git repository (or any of the parent directories): .git
2023-11-20 11:37:24.789 [info] > git rev-parse --show-toplevel [1ms]
2023-11-20 11:37:24.789 [info] fatal: not a git repository (or any of the parent directories): .git
2023-11-20 11:37:24.791 [info] > git rev-parse --show-toplevel [0ms]
2023-11-20 11:37:24.791 [info] fatal: not a git repository (or any of the parent directories): .git
2023-11-20 11:37:24.794 [info] > git rev-parse --show-toplevel [1ms]
2023-11-20 11:37:24.794 [info] fatal: not a git repository (or any of the parent directories): .git
2023-11-20 11:37:24.797 [info] > git rev-parse --show-toplevel [1ms]
2023-11-20 11:37:24.797 [info] fatal: not a git repository (or any of the parent directories): .git
2023-11-20 11:37:24.800 [info] > git rev-parse --show-toplevel [0ms]
2023-11-20 11:37:24.800 [info] fatal: not a git repository (or any of the parent directories): .git
2023-11-20 11:37:24.804 [info] > git rev-parse --show-toplevel [1ms]
2023-11-20 11:37:24.804 [info] fatal: not a git repository (or any of the parent directories): .git
2023-11-20 11:37:24.807 [info] > git rev-parse --show-toplevel [0ms]
2023-11-20 11:37:24.808 [info] fatal: not a git repository (or any of the parent directories): .git
2023-11-20 11:37:24.811 [info] > git rev-parse --show-toplevel [1ms]
2023-11-20 11:37:24.811 [info] fatal: not a git repository (or any of the parent directories): .git
2023-11-20 11:37:24.815 [info] > git rev-parse --show-toplevel [0ms]
2023-11-20 11:37:24.815 [info] fatal: not a git repository (or any of the parent directories): .git
2023-11-20 11:37:24.817 [info] > git rev-parse --show-toplevel [0ms]
2023-11-20 11:37:24.817 [info] fatal: not a git repository (or any of the parent directories): .git
2023-11-20 11:37:24.820 [info] > git rev-parse --show-toplevel [0ms]
2023-11-20 11:37:24.820 [info] fatal: not a git repository (or any of the parent directories): .git
2023-11-20 11:37:24.823 [info] > git rev-parse --show-toplevel [0ms]
2023-11-20 11:37:24.823 [info] fatal: not a git repository (or any of the parent directories): .git
2023-11-20 11:37:24.924 [info] > git rev-parse --show-toplevel [2ms]
2023-11-20 11:37:24.924 [info] fatal: not a git repository (or any of the parent directories): .git
