2023-11-20 11:37:06.065 [info] Extension host with pid 29561 started
2023-11-20 11:37:06.074 [info] ExtensionService#_doActivateExtension vscode.emmet, startup: false, activationEvent: 'onLanguage'
2023-11-20 11:37:06.111 [info] ExtensionService#_doActivateExtension vscode.git-base, startup: true, activationEvent: '*'
2023-11-20 11:37:06.114 [info] ExtensionService#_doActivateExtension vscode.github, startup: true, activationEvent: '*'
2023-11-20 11:37:06.150 [info] Eager extensions activated
2023-11-20 11:37:06.152 [info] ExtensionService#_doActivateExtension vscode.debug-auto-launch, startup: false, activationEvent: 'onStartupFinished'
2023-11-20 11:37:06.153 [info] ExtensionService#_doActivateExtension vscode.merge-conflict, startup: false, activationEvent: 'onStartupFinished'
2023-11-20 11:37:23.983 [info] Extension host terminating: renderer closed the MessagePort
2023-11-20 11:37:23.986 [info] Extension host with pid 29561 exiting with code 0
2023-11-20 11:37:24.586 [info] Extension host with pid 29633 started
2023-11-20 11:37:24.586 [info] Skipping acquiring lock for /home/mor/Desktop/Projects/first-app/User/workspaceStorage/ed0f73f426476e48bc2c927b2b87783c.
2023-11-20 11:37:24.607 [info] ExtensionService#_doActivateExtension vscode.git-base, startup: true, activationEvent: '*', root cause: vscode.git
2023-11-20 11:37:24.609 [info] ExtensionService#_doActivateExtension vscode.npm, startup: true, activationEvent: 'workspaceContains:package.json'
2023-11-20 11:37:24.637 [info] ExtensionService#_doActivateExtension vscode.git, startup: true, activationEvent: '*'
2023-11-20 11:37:24.683 [info] ExtensionService#_doActivateExtension vscode.github, startup: true, activationEvent: '*'
2023-11-20 11:37:24.749 [info] Eager extensions activated
2023-11-20 11:37:24.762 [info] ExtensionService#_doActivateExtension vscode.debug-auto-launch, startup: false, activationEvent: 'onStartupFinished'
2023-11-20 11:37:24.764 [info] ExtensionService#_doActivateExtension vscode.merge-conflict, startup: false, activationEvent: 'onStartupFinished'
2023-11-20 11:37:34.637 [info] Extension host terminating: renderer closed the MessagePort
2023-11-20 11:37:34.664 [info] Extension host with pid 29633 exiting with code 0
