2023-11-20 11:36:33.506 [info] Log level: Info
2023-11-20 11:36:33.506 [info] Validating found git in: "git"
2023-11-20 11:36:33.506 [info] Using git "2.34.1" from "git"
2023-11-20 11:36:33.506 [info] > git rev-parse --show-toplevel [2ms]
2023-11-20 11:36:33.506 [info] fatal: not a git repository (or any of the parent directories): .git
2023-11-20 11:36:33.506 [info] > git rev-parse --show-toplevel [1ms]
2023-11-20 11:36:33.506 [info] fatal: not a git repository (or any of the parent directories): .git
2023-11-20 11:36:33.506 [info] > git rev-parse --show-toplevel [1ms]
2023-11-20 11:36:33.506 [info] fatal: not a git repository (or any of the parent directories): .git
2023-11-20 11:36:33.509 [info] > git rev-parse --show-toplevel [1ms]
2023-11-20 11:36:33.509 [info] fatal: not a git repository (or any of the parent directories): .git
2023-11-20 11:36:33.511 [info] > git rev-parse --show-toplevel [0ms]
2023-11-20 11:36:33.511 [info] fatal: not a git repository (or any of the parent directories): .git
2023-11-20 11:36:33.514 [info] > git rev-parse --show-toplevel [1ms]
2023-11-20 11:36:33.514 [info] fatal: not a git repository (or any of the parent directories): .git
2023-11-20 11:36:33.516 [info] > git rev-parse --show-toplevel [0ms]
2023-11-20 11:36:33.516 [info] fatal: not a git repository (or any of the parent directories): .git
2023-11-20 11:36:33.519 [info] > git rev-parse --show-toplevel [1ms]
2023-11-20 11:36:33.519 [info] fatal: not a git repository (or any of the parent directories): .git
2023-11-20 11:36:33.521 [info] > git rev-parse --show-toplevel [0ms]
2023-11-20 11:36:33.521 [info] fatal: not a git repository (or any of the parent directories): .git
2023-11-20 11:36:33.524 [info] > git rev-parse --show-toplevel [1ms]
2023-11-20 11:36:33.524 [info] fatal: not a git repository (or any of the parent directories): .git
2023-11-20 11:36:33.527 [info] > git rev-parse --show-toplevel [1ms]
2023-11-20 11:36:33.527 [info] fatal: not a git repository (or any of the parent directories): .git
2023-11-20 11:36:33.529 [info] > git rev-parse --show-toplevel [0ms]
2023-11-20 11:36:33.529 [info] fatal: not a git repository (or any of the parent directories): .git
2023-11-20 11:36:33.532 [info] > git rev-parse --show-toplevel [1ms]
2023-11-20 11:36:33.532 [info] fatal: not a git repository (or any of the parent directories): .git
2023-11-20 11:36:33.534 [info] > git rev-parse --show-toplevel [0ms]
2023-11-20 11:36:33.534 [info] fatal: not a git repository (or any of the parent directories): .git
2023-11-20 11:36:33.537 [info] > git rev-parse --show-toplevel [1ms]
2023-11-20 11:36:33.537 [info] fatal: not a git repository (or any of the parent directories): .git
2023-11-20 11:36:33.539 [info] > git rev-parse --show-toplevel [0ms]
2023-11-20 11:36:33.539 [info] fatal: not a git repository (or any of the parent directories): .git
2023-11-20 11:36:33.543 [info] > git rev-parse --show-toplevel [1ms]
2023-11-20 11:36:33.543 [info] fatal: not a git repository (or any of the parent directories): .git
