2023-11-20 11:38:08.184 [info] Log level: Info
2023-11-20 11:38:08.184 [info] Validating found git in: "git"
2023-11-20 11:38:08.184 [info] Using git "2.34.1" from "git"
2023-11-20 11:38:08.184 [info] > git rev-parse --show-toplevel [2ms]
2023-11-20 11:38:08.184 [info] fatal: not a git repository (or any of the parent directories): .git
2023-11-20 11:38:08.184 [info] > git rev-parse --show-toplevel [2ms]
2023-11-20 11:38:08.184 [info] fatal: not a git repository (or any of the parent directories): .git
2023-11-20 11:38:08.185 [info] > git rev-parse --show-toplevel [0ms]
2023-11-20 11:38:08.185 [info] fatal: not a git repository (or any of the parent directories): .git
2023-11-20 11:38:08.189 [info] > git rev-parse --show-toplevel [2ms]
2023-11-20 11:38:08.189 [info] fatal: not a git repository (or any of the parent directories): .git
2023-11-20 11:38:08.194 [info] > git rev-parse --show-toplevel [1ms]
2023-11-20 11:38:08.194 [info] fatal: not a git repository (or any of the parent directories): .git
2023-11-20 11:38:08.207 [info] > git rev-parse --show-toplevel [10ms]
2023-11-20 11:38:08.207 [info] fatal: not a git repository (or any of the parent directories): .git
2023-11-20 11:38:08.216 [info] > git rev-parse --show-toplevel [1ms]
2023-11-20 11:38:08.216 [info] fatal: not a git repository (or any of the parent directories): .git
2023-11-20 11:38:08.220 [info] > git rev-parse --show-toplevel [1ms]
2023-11-20 11:38:08.220 [info] fatal: not a git repository (or any of the parent directories): .git
2023-11-20 11:38:08.227 [info] > git rev-parse --show-toplevel [1ms]
2023-11-20 11:38:08.227 [info] fatal: not a git repository (or any of the parent directories): .git
2023-11-20 11:38:08.232 [info] > git rev-parse --show-toplevel [1ms]
2023-11-20 11:38:08.232 [info] fatal: not a git repository (or any of the parent directories): .git
2023-11-20 11:38:08.240 [info] > git rev-parse --show-toplevel [1ms]
2023-11-20 11:38:08.240 [info] fatal: not a git repository (or any of the parent directories): .git
2023-11-20 11:38:08.247 [info] > git rev-parse --show-toplevel [1ms]
2023-11-20 11:38:08.247 [info] fatal: not a git repository (or any of the parent directories): .git
2023-11-20 11:38:08.256 [info] > git rev-parse --show-toplevel [5ms]
2023-11-20 11:38:08.256 [info] fatal: not a git repository (or any of the parent directories): .git
2023-11-20 11:38:08.261 [info] > git rev-parse --show-toplevel [1ms]
2023-11-20 11:38:08.261 [info] fatal: not a git repository (or any of the parent directories): .git
2023-11-20 11:38:08.268 [info] > git rev-parse --show-toplevel [1ms]
2023-11-20 11:38:08.268 [info] fatal: not a git repository (or any of the parent directories): .git
2023-11-20 11:38:08.273 [info] > git rev-parse --show-toplevel [1ms]
2023-11-20 11:38:08.273 [info] fatal: not a git repository (or any of the parent directories): .git
2023-11-20 11:38:08.277 [info] > git rev-parse --show-toplevel [1ms]
2023-11-20 11:38:08.277 [info] fatal: not a git repository (or any of the parent directories): .git
2023-11-20 11:38:08.283 [info] > git rev-parse --show-toplevel [1ms]
2023-11-20 11:38:08.283 [info] fatal: not a git repository (or any of the parent directories): .git
2023-11-20 11:38:08.458 [info] > git rev-parse --show-toplevel [1ms]
2023-11-20 11:38:08.458 [info] fatal: not a git repository (or any of the parent directories): .git
2023-11-20 11:38:21.980 [info] > git rev-parse --show-toplevel [1ms]
2023-11-20 11:38:21.980 [info] fatal: not a git repository (or any of the parent directories): .git
2023-11-20 11:38:35.261 [info] > git rev-parse --show-toplevel [17ms]
2023-11-20 11:38:35.261 [info] fatal: not a git repository (or any of the parent directories): .git
2023-11-20 11:39:30.501 [info] > git rev-parse --show-toplevel [3ms]
2023-11-20 11:39:30.501 [info] fatal: not a git repository (or any of the parent directories): .git
2023-11-20 11:40:10.380 [info] > git rev-parse --show-toplevel [1ms]
2023-11-20 11:40:10.380 [info] fatal: not a git repository (or any of the parent directories): .git
2023-11-20 11:40:25.524 [info] > git rev-parse --show-toplevel [2ms]
2023-11-20 11:40:25.524 [info] fatal: not a git repository (or any of the parent directories): .git
2023-11-20 11:40:52.928 [info] > git rev-parse --show-toplevel [3ms]
2023-11-20 11:40:52.928 [info] fatal: not a git repository (or any of the parent directories): .git
2023-11-20 11:41:55.406 [info] > git rev-parse --show-toplevel [5ms]
2023-11-20 11:41:55.406 [info] fatal: not a git repository (or any of the parent directories): .git
2023-11-20 11:41:57.835 [info] > git rev-parse --show-toplevel [4ms]
2023-11-20 11:41:57.835 [info] fatal: not a git repository (or any of the parent directories): .git
2023-11-20 11:42:00.579 [info] > git rev-parse --show-toplevel [2ms]
2023-11-20 11:42:00.579 [info] fatal: not a git repository (or any of the parent directories): .git
